<?xml version="1.0" encoding="UTF-8"?>
<coverage generated="1780921112275" clover="3.2.0">
  <project timestamp="1780921112275" name="All files">
    <metrics statements="29" coveredstatements="29" conditionals="6" coveredconditionals="6" methods="5" coveredmethods="5" elements="40" coveredelements="40" complexity="0" loc="29" ncloc="29" packages="1" files="1" classes="1"/>
    <file name="envInject.ts" path="/Users/marinmoran/gitlab/smfmarin/cluster-infra/vs-fleet/main/packages/extension/src/envInject.ts">
      <metrics statements="29" coveredstatements="29" conditionals="6" coveredconditionals="6" methods="5" coveredmethods="5"/>
      <line num="74" count="2" type="stmt"/>
      <line num="76" count="2" type="stmt"/>
      <line num="78" count="2" type="stmt"/>
      <line num="85" count="2" type="stmt"/>
      <line num="132" count="2" type="stmt"/>
      <line num="133" count="29" type="cond" truecount="2" falsecount="0"/>
      <line num="134" count="4" type="stmt"/>
      <line num="136" count="25" type="stmt"/>
      <line num="147" count="2" type="stmt"/>
      <line num="149" count="46" type="stmt"/>
      <line num="152" count="46" type="stmt"/>
      <line num="157" count="46" type="stmt"/>
      <line num="158" count="46" type="stmt"/>
      <line num="164" count="5" type="stmt"/>
      <line num="180" count="48" type="stmt"/>
      <line num="182" count="48" type="stmt"/>
      <line num="187" count="48" type="cond" truecount="2" falsecount="0"/>
      <line num="188" count="11" type="stmt"/>
      <line num="189" count="11" type="stmt"/>
      <line num="190" count="37" type="cond" truecount="2" falsecount="0"/>
      <line num="191" count="36" type="stmt"/>
      <line num="192" count="36" type="stmt"/>
      <line num="195" count="1" type="stmt"/>
      <line num="196" count="1" type="stmt"/>
      <line num="199" count="48" type="stmt"/>
      <line num="215" count="33" type="stmt"/>
      <line num="216" count="99" type="stmt"/>
      <line num="218" count="33" type="stmt"/>
      <line num="219" count="33" type="stmt"/>
    </file>
  </project>
</coverage>
