{"/Users/marinmoran/gitlab/smfmarin/cluster-infra/vs-fleet/main/packages/extension/src/envInject.ts": {"path":"/Users/marinmoran/gitlab/smfmarin/cluster-infra/vs-fleet/main/packages/extension/src/envInject.ts","statementMap":{"0":{"start":{"line":132,"column":0},"end":{"line":132,"column":16}},"1":{"start":{"line":74,"column":13},"end":{"line":74,"column":55}},"2":{"start":{"line":76,"column":13},"end":{"line":76,"column":55}},"3":{"start":{"line":78,"column":13},"end":{"line":78,"column":55}},"4":{"start":{"line":85,"column":13},"end":{"line":89,"column":11}},"5":{"start":{"line":133,"column":4},"end":{"line":135,"column":5}},"6":{"start":{"line":134,"column":8},"end":{"line":134,"column":65}},"7":{"start":{"line":136,"column":4},"end":{"line":136,"column":34}},"8":{"start":{"line":149,"column":24},"end":{"line":149,"column":29}},"9":{"start":{"line":152,"column":8},"end":{"line":152,"column":38}},"10":{"start":{"line":157,"column":8},"end":{"line":157,"column":43}},"11":{"start":{"line":158,"column":8},"end":{"line":159,"column":99}},"12":{"start":{"line":164,"column":8},"end":{"line":164,"column":30}},"13":{"start":{"line":180,"column":21},"end":{"line":180,"column":53}},"14":{"start":{"line":182,"column":8},"end":{"line":182,"column":80}},"15":{"start":{"line":187,"column":8},"end":{"line":197,"column":9}},"16":{"start":{"line":188,"column":12},"end":{"line":188,"column":88}},"17":{"start":{"line":189,"column":12},"end":{"line":189,"column":58}},"18":{"start":{"line":190,"column":15},"end":{"line":197,"column":9}},"19":{"start":{"line":191,"column":12},"end":{"line":191,"column":83}},"20":{"start":{"line":192,"column":12},"end":{"line":192,"column":58}},"21":{"start":{"line":195,"column":12},"end":{"line":195,"column":58}},"22":{"start":{"line":196,"column":12},"end":{"line":196,"column":58}},"23":{"start":{"line":199,"column":8},"end":{"line":199,"column":30}},"24":{"start":{"line":215,"column":8},"end":{"line":217,"column":9}},"25":{"start":{"line":216,"column":12},"end":{"line":216,"column":39}},"26":{"start":{"line":218,"column":8},"end":{"line":218,"column":33}},"27":{"start":{"line":219,"column":8},"end":{"line":219,"column":31}},"28":{"start":{"line":147,"column":0},"end":{"line":147,"column":13}}},"fnMap":{"0":{"name":"endpointToTargets","decl":{"start":{"line":132,"column":16},"end":{"line":132,"column":33}},"loc":{"start":{"line":132,"column":50},"end":{"line":137,"column":1}}},"1":{"name":"(anonymous_1)","decl":{"start":{"line":151,"column":4},"end":{"line":151,"column":16}},"loc":{"start":{"line":151,"column":45},"end":{"line":160,"column":5}}},"2":{"name":"(anonymous_2)","decl":{"start":{"line":163,"column":4},"end":{"line":163,"column":8}},"loc":{"start":{"line":163,"column":16},"end":{"line":165,"column":5}}},"3":{"name":"(anonymous_3)","decl":{"start":{"line":179,"column":4},"end":{"line":179,"column":10}},"loc":{"start":{"line":179,"column":36},"end":{"line":200,"column":5}}},"4":{"name":"(anonymous_4)","decl":{"start":{"line":214,"column":4},"end":{"line":214,"column":11}},"loc":{"start":{"line":214,"column":11},"end":{"line":220,"column":5}}}},"branchMap":{"0":{"loc":{"start":{"line":133,"column":4},"end":{"line":135,"column":5}},"type":"if","locations":[{"start":{"line":133,"column":4},"end":{"line":135,"column":5}},{"start":{},"end":{}}]},"1":{"loc":{"start":{"line":187,"column":8},"end":{"line":197,"column":9}},"type":"if","locations":[{"start":{"line":187,"column":8},"end":{"line":197,"column":9}},{"start":{"line":190,"column":15},"end":{"line":197,"column":9}}]},"2":{"loc":{"start":{"line":190,"column":15},"end":{"line":197,"column":9}},"type":"if","locations":[{"start":{"line":190,"column":15},"end":{"line":197,"column":9}},{"start":{"line":193,"column":15},"end":{"line":197,"column":9}}]}},"s":{"0":2,"1":2,"2":2,"3":2,"4":2,"5":29,"6":4,"7":25,"8":46,"9":46,"10":46,"11":46,"12":5,"13":48,"14":48,"15":48,"16":11,"17":11,"18":37,"19":36,"20":36,"21":1,"22":1,"23":48,"24":33,"25":99,"26":33,"27":33,"28":2},"f":{"0":29,"1":46,"2":5,"3":48,"4":33},"b":{"0":[4,25],"1":[11,37],"2":[36,1]}}
}
