TN:
SF:src/envInject.ts
FN:132,endpointToTargets
FN:151,(anonymous_1)
FN:163,(anonymous_2)
FN:179,(anonymous_3)
FN:214,(anonymous_4)
FNF:5
FNH:5
FNDA:29,endpointToTargets
FNDA:46,(anonymous_1)
FNDA:5,(anonymous_2)
FNDA:48,(anonymous_3)
FNDA:33,(anonymous_4)
DA:74,2
DA:76,2
DA:78,2
DA:85,2
DA:132,2
DA:133,29
DA:134,4
DA:136,25
DA:147,2
DA:149,46
DA:152,46
DA:157,46
DA:158,46
DA:164,5
DA:180,48
DA:182,48
DA:187,48
DA:188,11
DA:189,11
DA:190,37
DA:191,36
DA:192,36
DA:195,1
DA:196,1
DA:199,48
DA:215,33
DA:216,99
DA:218,33
DA:219,33
LF:29
LH:29
BRDA:133,0,0,4
BRDA:133,0,1,25
BRDA:187,1,0,11
BRDA:187,1,1,37
BRDA:190,2,0,36
BRDA:190,2,1,1
BRF:6
BRH:6
end_of_record
